[2022-05-27 10:09:15] local.ERROR: service not available with this location {"userId":5,"exception":"[object] (Exception(code: 0): service not available with this location at /var/www/html/tagxii-server/app/Helpers/Exception/ExceptionHelpers.php:84)
[stacktrace]
#0 /var/www/html/tagxii-server/app/Http/Controllers/Api/V1/Request/EtaController.php(56): App\\Http\\Controllers\\Controller->throwCustomException()
#1 /var/www/html/tagxii-server/vendor/laravel/framework/src/Illuminate/Routing/Controller.php(54): App\\Http\\Controllers\\Api\\V1\\Request\\EtaController->eta()
#2 /var/www/html/tagxii-server/vendor/laravel/framework/src/Illuminate/Routing/ControllerDispatcher.php(45): Illuminate\\Routing\\Controller->callAction()
#3 /var/www/html/tagxii-server/vendor/laravel/framework/src/Illuminate/Routing/Route.php(219): Illuminate\\Routing\\ControllerDispatcher->dispatch()
#4 /var/www/html/tagxii-server/vendor/laravel/framework/src/Illuminate/Routing/Route.php(176): Illuminate\\Routing\\Route->runController()
#5 /var/www/html/tagxii-server/vendor/laravel/framework/src/Illuminate/Routing/Router.php(681): Illuminate\\Routing\\Route->run()
#6 /var/www/html/tagxii-server/vendor/laravel/framework/src/Illuminate/Pipeline/Pipeline.php(130): Illuminate\\Routing\\Router->Illuminate\\Routing\\{closure}()
#7 /var/www/html/tagxii-server/vendor/laravel/framework/src/Illuminate/Routing/Middleware/SubstituteBindings.php(41): Illuminate\\Pipeline\\Pipeline->Illuminate\\Pipeline\\{closure}()
#8 /var/www/html/tagxii-server/vendor/laravel/framework/src/Illuminate/Pipeline/Pipeline.php(171): Illuminate\\Routing\\Middleware\\SubstituteBindings->handle()
#9 /var/www/html/tagxii-server/vendor/laravel/framework/src/Illuminate/Auth/Middleware/Authenticate.php(43): Illuminate\\Pipeline\\Pipeline->Illuminate\\Pipeline\\{closure}()
#10 /var/www/html/tagxii-server/vendor/laravel/framework/src/Illuminate/Pipeline/Pipeline.php(171): Illuminate\\Auth\\Middleware\\Authenticate->handle()
#11 /var/www/html/tagxii-server/vendor/laravel/framework/src/Illuminate/Routing/Middleware/ThrottleRequests.php(59): Illuminate\\Pipeline\\Pipeline->Illuminate\\Pipeline\\{closure}()
#12 /var/www/html/tagxii-server/vendor/laravel/framework/src/Illuminate/Pipeline/Pipeline.php(171): Illuminate\\Routing\\Middleware\\ThrottleRequests->handle()
#13 /var/www/html/tagxii-server/vendor/laravel/framework/src/Illuminate/Pipeline/Pipeline.php(105): Illuminate\\Pipeline\\Pipeline->Illuminate\\Pipeline\\{closure}()
#14 /var/www/html/tagxii-server/vendor/laravel/framework/src/Illuminate/Routing/Router.php(683): Illuminate\\Pipeline\\Pipeline->then()
#15 /var/www/html/tagxii-server/vendor/laravel/framework/src/Illuminate/Routing/Router.php(658): Illuminate\\Routing\\Router->runRouteWithinStack()
#16 /var/www/html/tagxii-server/vendor/laravel/framework/src/Illuminate/Routing/Router.php(624): Illuminate\\Routing\\Router->runRoute()
#17 /var/www/html/tagxii-server/vendor/laravel/framework/src/Illuminate/Routing/Router.php(613): Illuminate\\Routing\\Router->dispatchToRoute()
#18 /var/www/html/tagxii-server/vendor/laravel/framework/src/Illuminate/Foundation/Http/Kernel.php(170): Illuminate\\Routing\\Router->dispatch()
#19 /var/www/html/tagxii-server/vendor/laravel/framework/src/Illuminate/Pipeline/Pipeline.php(130): Illuminate\\Foundation\\Http\\Kernel->Illuminate\\Foundation\\Http\\{closure}()
#20 /var/www/html/tagxii-server/vendor/proengsoft/laravel-jsvalidation/src/RemoteValidationMiddleware.php(53): Illuminate\\Pipeline\\Pipeline->Illuminate\\Pipeline\\{closure}()
#21 /var/www/html/tagxii-server/vendor/laravel/framework/src/Illuminate/Pipeline/Pipeline.php(171): Proengsoft\\JsValidation\\RemoteValidationMiddleware->handle()
#22 /var/www/html/tagxii-server/vendor/barryvdh/laravel-debugbar/src/Middleware/InjectDebugbar.php(60): Illuminate\\Pipeline\\Pipeline->Illuminate\\Pipeline\\{closure}()
#23 /var/www/html/tagxii-server/vendor/laravel/framework/src/Illuminate/Pipeline/Pipeline.php(171): Barryvdh\\Debugbar\\Middleware\\InjectDebugbar->handle()
#24 /var/www/html/tagxii-server/app/Http/Middleware/PjaxMiddleware.php(21): Illuminate\\Pipeline\\Pipeline->Illuminate\\Pipeline\\{closure}()
#25 /var/www/html/tagxii-server/vendor/laravel/framework/src/Illuminate/Pipeline/Pipeline.php(171): App\\Http\\Middleware\\PjaxMiddleware->handle()
#26 /var/www/html/tagxii-server/app/Http/Middleware/Cors.php(7): Illuminate\\Pipeline\\Pipeline->Illuminate\\Pipeline\\{closure}()
#27 /var/www/html/tagxii-server/vendor/laravel/framework/src/Illuminate/Pipeline/Pipeline.php(171): App\\Http\\Middleware\\Cors->handle()
#28 /var/www/html/tagxii-server/vendor/laravel/framework/src/Illuminate/Foundation/Http/Middleware/TransformsRequest.php(21): Illuminate\\Pipeline\\Pipeline->Illuminate\\Pipeline\\{closure}()
#29 /var/www/html/tagxii-server/vendor/laravel/framework/src/Illuminate/Pipeline/Pipeline.php(171): Illuminate\\Foundation\\Http\\Middleware\\TransformsRequest->handle()
#30 /var/www/html/tagxii-server/vendor/laravel/framework/src/Illuminate/Foundation/Http/Middleware/TransformsRequest.php(21): Illuminate\\Pipeline\\Pipeline->Illuminate\\Pipeline\\{closure}()
#31 /var/www/html/tagxii-server/vendor/laravel/framework/src/Illuminate/Pipeline/Pipeline.php(171): Illuminate\\Foundation\\Http\\Middleware\\TransformsRequest->handle()
#32 /var/www/html/tagxii-server/vendor/laravel/framework/src/Illuminate/Foundation/Http/Middleware/ValidatePostSize.php(27): Illuminate\\Pipeline\\Pipeline->Illuminate\\Pipeline\\{closure}()
#33 /var/www/html/tagxii-server/vendor/laravel/framework/src/Illuminate/Pipeline/Pipeline.php(171): Illuminate\\Foundation\\Http\\Middleware\\ValidatePostSize->handle()
#34 /var/www/html/tagxii-server/vendor/laravel/framework/src/Illuminate/Foundation/Http/Middleware/CheckForMaintenanceMode.php(63): Illuminate\\Pipeline\\Pipeline->Illuminate\\Pipeline\\{closure}()
#35 /var/www/html/tagxii-server/vendor/laravel/framework/src/Illuminate/Pipeline/Pipeline.php(171): Illuminate\\Foundation\\Http\\Middleware\\CheckForMaintenanceMode->handle()
#36 /var/www/html/tagxii-server/vendor/hyn/multi-tenant/src/Middleware/EagerIdentification.php(29): Illuminate\\Pipeline\\Pipeline->Illuminate\\Pipeline\\{closure}()
#37 /var/www/html/tagxii-server/vendor/laravel/framework/src/Illuminate/Pipeline/Pipeline.php(171): Hyn\\Tenancy\\Middleware\\EagerIdentification->handle()
#38 /var/www/html/tagxii-server/vendor/hyn/multi-tenant/src/Middleware/HostnameActions.php(75): Illuminate\\Pipeline\\Pipeline->Illuminate\\Pipeline\\{closure}()
#39 /var/www/html/tagxii-server/vendor/laravel/framework/src/Illuminate/Pipeline/Pipeline.php(171): Hyn\\Tenancy\\Middleware\\HostnameActions->handle()
#40 /var/www/html/tagxii-server/vendor/laravel/framework/src/Illuminate/Pipeline/Pipeline.php(105): Illuminate\\Pipeline\\Pipeline->Illuminate\\Pipeline\\{closure}()
#41 /var/www/html/tagxii-server/vendor/laravel/framework/src/Illuminate/Foundation/Http/Kernel.php(145): Illuminate\\Pipeline\\Pipeline->then()
#42 /var/www/html/tagxii-server/vendor/laravel/framework/src/Illuminate/Foundation/Http/Kernel.php(110): Illuminate\\Foundation\\Http\\Kernel->sendRequestThroughRouter()
#43 /var/www/html/tagxii-server/public/index.php(55): Illuminate\\Foundation\\Http\\Kernel->handle()
#44 {main}
"} 
[2022-05-27 10:09:18] local.ERROR: service not available with this location {"userId":5,"exception":"[object] (Exception(code: 0): service not available with this location at /var/www/html/tagxii-server/app/Helpers/Exception/ExceptionHelpers.php:84)
[stacktrace]
#0 /var/www/html/tagxii-server/app/Http/Controllers/Api/V1/Request/EtaController.php(56): App\\Http\\Controllers\\Controller->throwCustomException()
#1 /var/www/html/tagxii-server/vendor/laravel/framework/src/Illuminate/Routing/Controller.php(54): App\\Http\\Controllers\\Api\\V1\\Request\\EtaController->eta()
#2 /var/www/html/tagxii-server/vendor/laravel/framework/src/Illuminate/Routing/ControllerDispatcher.php(45): Illuminate\\Routing\\Controller->callAction()
#3 /var/www/html/tagxii-server/vendor/laravel/framework/src/Illuminate/Routing/Route.php(219): Illuminate\\Routing\\ControllerDispatcher->dispatch()
#4 /var/www/html/tagxii-server/vendor/laravel/framework/src/Illuminate/Routing/Route.php(176): Illuminate\\Routing\\Route->runController()
#5 /var/www/html/tagxii-server/vendor/laravel/framework/src/Illuminate/Routing/Router.php(681): Illuminate\\Routing\\Route->run()
#6 /var/www/html/tagxii-server/vendor/laravel/framework/src/Illuminate/Pipeline/Pipeline.php(130): Illuminate\\Routing\\Router->Illuminate\\Routing\\{closure}()
#7 /var/www/html/tagxii-server/vendor/laravel/framework/src/Illuminate/Routing/Middleware/SubstituteBindings.php(41): Illuminate\\Pipeline\\Pipeline->Illuminate\\Pipeline\\{closure}()
#8 /var/www/html/tagxii-server/vendor/laravel/framework/src/Illuminate/Pipeline/Pipeline.php(171): Illuminate\\Routing\\Middleware\\SubstituteBindings->handle()
#9 /var/www/html/tagxii-server/vendor/laravel/framework/src/Illuminate/Auth/Middleware/Authenticate.php(43): Illuminate\\Pipeline\\Pipeline->Illuminate\\Pipeline\\{closure}()
#10 /var/www/html/tagxii-server/vendor/laravel/framework/src/Illuminate/Pipeline/Pipeline.php(171): Illuminate\\Auth\\Middleware\\Authenticate->handle()
#11 /var/www/html/tagxii-server/vendor/laravel/framework/src/Illuminate/Routing/Middleware/ThrottleRequests.php(59): Illuminate\\Pipeline\\Pipeline->Illuminate\\Pipeline\\{closure}()
#12 /var/www/html/tagxii-server/vendor/laravel/framework/src/Illuminate/Pipeline/Pipeline.php(171): Illuminate\\Routing\\Middleware\\ThrottleRequests->handle()
#13 /var/www/html/tagxii-server/vendor/laravel/framework/src/Illuminate/Pipeline/Pipeline.php(105): Illuminate\\Pipeline\\Pipeline->Illuminate\\Pipeline\\{closure}()
#14 /var/www/html/tagxii-server/vendor/laravel/framework/src/Illuminate/Routing/Router.php(683): Illuminate\\Pipeline\\Pipeline->then()
#15 /var/www/html/tagxii-server/vendor/laravel/framework/src/Illuminate/Routing/Router.php(658): Illuminate\\Routing\\Router->runRouteWithinStack()
#16 /var/www/html/tagxii-server/vendor/laravel/framework/src/Illuminate/Routing/Router.php(624): Illuminate\\Routing\\Router->runRoute()
#17 /var/www/html/tagxii-server/vendor/laravel/framework/src/Illuminate/Routing/Router.php(613): Illuminate\\Routing\\Router->dispatchToRoute()
#18 /var/www/html/tagxii-server/vendor/laravel/framework/src/Illuminate/Foundation/Http/Kernel.php(170): Illuminate\\Routing\\Router->dispatch()
#19 /var/www/html/tagxii-server/vendor/laravel/framework/src/Illuminate/Pipeline/Pipeline.php(130): Illuminate\\Foundation\\Http\\Kernel->Illuminate\\Foundation\\Http\\{closure}()
#20 /var/www/html/tagxii-server/vendor/proengsoft/laravel-jsvalidation/src/RemoteValidationMiddleware.php(53): Illuminate\\Pipeline\\Pipeline->Illuminate\\Pipeline\\{closure}()
#21 /var/www/html/tagxii-server/vendor/laravel/framework/src/Illuminate/Pipeline/Pipeline.php(171): Proengsoft\\JsValidation\\RemoteValidationMiddleware->handle()
#22 /var/www/html/tagxii-server/vendor/barryvdh/laravel-debugbar/src/Middleware/InjectDebugbar.php(60): Illuminate\\Pipeline\\Pipeline->Illuminate\\Pipeline\\{closure}()
#23 /var/www/html/tagxii-server/vendor/laravel/framework/src/Illuminate/Pipeline/Pipeline.php(171): Barryvdh\\Debugbar\\Middleware\\InjectDebugbar->handle()
#24 /var/www/html/tagxii-server/app/Http/Middleware/PjaxMiddleware.php(21): Illuminate\\Pipeline\\Pipeline->Illuminate\\Pipeline\\{closure}()
#25 /var/www/html/tagxii-server/vendor/laravel/framework/src/Illuminate/Pipeline/Pipeline.php(171): App\\Http\\Middleware\\PjaxMiddleware->handle()
#26 /var/www/html/tagxii-server/app/Http/Middleware/Cors.php(7): Illuminate\\Pipeline\\Pipeline->Illuminate\\Pipeline\\{closure}()
#27 /var/www/html/tagxii-server/vendor/laravel/framework/src/Illuminate/Pipeline/Pipeline.php(171): App\\Http\\Middleware\\Cors->handle()
#28 /var/www/html/tagxii-server/vendor/laravel/framework/src/Illuminate/Foundation/Http/Middleware/TransformsRequest.php(21): Illuminate\\Pipeline\\Pipeline->Illuminate\\Pipeline\\{closure}()
#29 /var/www/html/tagxii-server/vendor/laravel/framework/src/Illuminate/Pipeline/Pipeline.php(171): Illuminate\\Foundation\\Http\\Middleware\\TransformsRequest->handle()
#30 /var/www/html/tagxii-server/vendor/laravel/framework/src/Illuminate/Foundation/Http/Middleware/TransformsRequest.php(21): Illuminate\\Pipeline\\Pipeline->Illuminate\\Pipeline\\{closure}()
#31 /var/www/html/tagxii-server/vendor/laravel/framework/src/Illuminate/Pipeline/Pipeline.php(171): Illuminate\\Foundation\\Http\\Middleware\\TransformsRequest->handle()
#32 /var/www/html/tagxii-server/vendor/laravel/framework/src/Illuminate/Foundation/Http/Middleware/ValidatePostSize.php(27): Illuminate\\Pipeline\\Pipeline->Illuminate\\Pipeline\\{closure}()
#33 /var/www/html/tagxii-server/vendor/laravel/framework/src/Illuminate/Pipeline/Pipeline.php(171): Illuminate\\Foundation\\Http\\Middleware\\ValidatePostSize->handle()
#34 /var/www/html/tagxii-server/vendor/laravel/framework/src/Illuminate/Foundation/Http/Middleware/CheckForMaintenanceMode.php(63): Illuminate\\Pipeline\\Pipeline->Illuminate\\Pipeline\\{closure}()
#35 /var/www/html/tagxii-server/vendor/laravel/framework/src/Illuminate/Pipeline/Pipeline.php(171): Illuminate\\Foundation\\Http\\Middleware\\CheckForMaintenanceMode->handle()
#36 /var/www/html/tagxii-server/vendor/hyn/multi-tenant/src/Middleware/EagerIdentification.php(29): Illuminate\\Pipeline\\Pipeline->Illuminate\\Pipeline\\{closure}()
#37 /var/www/html/tagxii-server/vendor/laravel/framework/src/Illuminate/Pipeline/Pipeline.php(171): Hyn\\Tenancy\\Middleware\\EagerIdentification->handle()
#38 /var/www/html/tagxii-server/vendor/hyn/multi-tenant/src/Middleware/HostnameActions.php(75): Illuminate\\Pipeline\\Pipeline->Illuminate\\Pipeline\\{closure}()
#39 /var/www/html/tagxii-server/vendor/laravel/framework/src/Illuminate/Pipeline/Pipeline.php(171): Hyn\\Tenancy\\Middleware\\HostnameActions->handle()
#40 /var/www/html/tagxii-server/vendor/laravel/framework/src/Illuminate/Pipeline/Pipeline.php(105): Illuminate\\Pipeline\\Pipeline->Illuminate\\Pipeline\\{closure}()
#41 /var/www/html/tagxii-server/vendor/laravel/framework/src/Illuminate/Foundation/Http/Kernel.php(145): Illuminate\\Pipeline\\Pipeline->then()
#42 /var/www/html/tagxii-server/vendor/laravel/framework/src/Illuminate/Foundation/Http/Kernel.php(110): Illuminate\\Foundation\\Http\\Kernel->sendRequestThroughRouter()
#43 /var/www/html/tagxii-server/public/index.php(55): Illuminate\\Foundation\\Http\\Kernel->handle()
#44 {main}
"} 
